2017-07-26 10:34:23,166 INFO com.bjdreamtech.dmt.util.DMTConfigUtil 
  /Users/wyx/workspace/e-oms/src/main/resources/config.properties 
2017-07-26 10:34:23,169 INFO com.bjdreamtech.dmt.util.DMTConfigUtil 
  加载配置文件 
2017-07-26 10:34:23,169 INFO com.bjdreamtech.dmt.util.DMTConfigUtil 
  加载配置完成 
2017-07-26 10:34:23,169 INFO com.bjdreamtech.dmt.util.DMTConfigUtil 
  配置文件加载完成 
2017-07-26 10:34:23,169 INFO com.bjdreamtech.listener.DMTVersionInfoListener 
  * OMS Version : v1.2.2.0719 start! 
2017-07-26 10:34:23,185 INFO org.springframework.web.context.ContextLoader 
  Root WebApplicationContext: initialization started 
2017-07-26 10:34:23,279 INFO org.springframework.web.context.support.XmlWebApplicationContext 
  Refreshing Root WebApplicationContext: startup date [Wed Jul 26 10:34:23 CST 2017]; root of context hierarchy 
2017-07-26 10:34:23,323 INFO org.springframework.beans.factory.xml.XmlBeanDefinitionReader 
  Loading XML bean definitions from class path resource [spring-mybatis.xml] 
2017-07-26 10:34:24,136 INFO org.springframework.beans.factory.config.PropertyPlaceholderConfigurer 
  Loading properties file from class path resource [config.properties] 
2017-07-26 10:34:24,274 INFO com.mchange.v2.log.MLog 
  MLog clients using log4j logging. 
2017-07-26 10:34:29,335 INFO com.mchange.v2.c3p0.C3P0Registry 
  Initializing c3p0-0.9.5-pre8 [built 04-April-2014 04:08:13 -0700; debug? true; trace: 10] 
2017-07-26 10:34:32,205 INFO org.springframework.web.context.ContextLoader 
  Root WebApplicationContext: initialization completed in 9020 ms 
2017-07-26 10:34:32,232 INFO org.springframework.web.servlet.DispatcherServlet 
  FrameworkServlet 'SpringMVC': initialization started 
2017-07-26 10:34:32,235 INFO org.springframework.web.context.support.XmlWebApplicationContext 
  Refreshing WebApplicationContext for namespace 'SpringMVC-servlet': startup date [Wed Jul 26 10:34:32 CST 2017]; parent: Root WebApplicationContext 
2017-07-26 10:34:32,236 INFO org.springframework.beans.factory.xml.XmlBeanDefinitionReader 
  Loading XML bean definitions from class path resource [spring-mvc.xml] 
2017-07-26 10:34:32,662 INFO org.springframework.web.servlet.mvc.annotation.DefaultAnnotationHandlerMapping 
  Mapped URL path [/accountAgencyAction/accountAgencyList.do] onto handler 'accountAgencyAction' 
2017-07-26 10:34:32,662 INFO org.springframework.web.servlet.mvc.annotation.DefaultAnnotationHandlerMapping 
  Mapped URL path [/accountAgencyAction/queryAgencyAccount.do] onto handler 'accountAgencyAction' 
2017-07-26 10:34:32,662 INFO org.springframework.web.servlet.mvc.annotation.DefaultAnnotationHandlerMapping 
  Mapped URL path [/accountAgencyAction/AgencyAccount.do] onto handler 'accountAgencyAction' 
2017-07-26 10:34:32,662 INFO org.springframework.web.servlet.mvc.annotation.DefaultAnnotationHandlerMapping 
  Mapped URL path [/accountAgencyAction/thawAgencyAccount.do] onto handler 'accountAgencyAction' 
2017-07-26 10:34:32,662 INFO org.springframework.web.servlet.mvc.annotation.DefaultAnnotationHandlerMapping 
  Mapped URL path [/accountAgencyAction/frozenAgencyAccount.do] onto handler 'accountAgencyAction' 
2017-07-26 10:34:32,662 INFO org.springframework.web.servlet.mvc.annotation.DefaultAnnotationHandlerMapping 
  Mapped URL path [/accountCompanyAction/thawAgencyAccount.do] onto handler 'accountCompanyAction' 
2017-07-26 10:34:32,662 INFO org.springframework.web.servlet.mvc.annotation.DefaultAnnotationHandlerMapping 
  Mapped URL path [/accountCompanyAction/frozenAgencyAccount.do] onto handler 'accountCompanyAction' 
2017-07-26 10:34:32,662 INFO org.springframework.web.servlet.mvc.annotation.DefaultAnnotationHandlerMapping 
  Mapped URL path [/accountCompanyAction/comAccountList.do] onto handler 'accountCompanyAction' 
2017-07-26 10:34:32,662 INFO org.springframework.web.servlet.mvc.annotation.DefaultAnnotationHandlerMapping 
  Mapped URL path [/accountCompanyAction/findSelectBankName.do] onto handler 'accountCompanyAction' 
2017-07-26 10:34:32,663 INFO org.springframework.web.servlet.mvc.annotation.DefaultAnnotationHandlerMapping 
  Mapped URL path [/accountCompanyAction/comAccountDetail.do] onto handler 'accountCompanyAction' 
2017-07-26 10:34:32,663 INFO org.springframework.web.servlet.mvc.annotation.DefaultAnnotationHandlerMapping 
  Mapped URL path [/accountCompanyAction/thawComAccount.do] onto handler 'accountCompanyAction' 
2017-07-26 10:34:32,663 INFO org.springframework.web.servlet.mvc.annotation.DefaultAnnotationHandlerMapping 
  Mapped URL path [/accountCompanyAction/frozenComAccount.do] onto handler 'accountCompanyAction' 
2017-07-26 10:34:32,663 INFO org.springframework.web.servlet.mvc.annotation.DefaultAnnotationHandlerMapping 
  Mapped URL path [/accountCompanyAction/agencyAccountList.do] onto handler 'accountCompanyAction' 
2017-07-26 10:34:32,663 INFO org.springframework.web.servlet.mvc.annotation.DefaultAnnotationHandlerMapping 
  Mapped URL path [/accountCompanyAction/agencyAccountDetail.do] onto handler 'accountCompanyAction' 
2017-07-26 10:34:32,663 INFO org.springframework.web.servlet.mvc.annotation.DefaultAnnotationHandlerMapping 
  Mapped URL path [/accountCompanyAction/accountList.do] onto handler 'accountCompanyAction' 
2017-07-26 10:34:32,663 INFO org.springframework.web.servlet.mvc.annotation.DefaultAnnotationHandlerMapping 
  Mapped URL path [/accountCompanyAction/queryAccounInfo.do] onto handler 'accountCompanyAction' 
2017-07-26 10:34:32,663 INFO org.springframework.web.servlet.mvc.annotation.DefaultAnnotationHandlerMapping 
  Mapped URL path [/adminAction/adminAdd.do] onto handler 'adminAction' 
2017-07-26 10:34:32,663 INFO org.springframework.web.servlet.mvc.annotation.DefaultAnnotationHandlerMapping 
  Mapped URL path [/adminAction/adminList.do] onto handler 'adminAction' 
2017-07-26 10:34:32,663 INFO org.springframework.web.servlet.mvc.annotation.DefaultAnnotationHandlerMapping 
  Mapped URL path [/adminAction/getAdminInfo.do] onto handler 'adminAction' 
2017-07-26 10:34:32,663 INFO org.springframework.web.servlet.mvc.annotation.DefaultAnnotationHandlerMapping 
  Mapped URL path [/adminAction/adminEdit.do] onto handler 'adminAction' 
2017-07-26 10:34:32,663 INFO org.springframework.web.servlet.mvc.annotation.DefaultAnnotationHandlerMapping 
  Mapped URL path [/adminAction/adminDelete.do] onto handler 'adminAction' 
2017-07-26 10:34:32,663 INFO org.springframework.web.servlet.mvc.annotation.DefaultAnnotationHandlerMapping 
  Mapped URL path [/adminAction/initRole.do] onto handler 'adminAction' 
2017-07-26 10:34:32,663 INFO org.springframework.web.servlet.mvc.annotation.DefaultAnnotationHandlerMapping 
  Mapped URL path [/adminAction/adminStatus.do] onto handler 'adminAction' 
2017-07-26 10:34:32,663 INFO org.springframework.web.servlet.mvc.annotation.DefaultAnnotationHandlerMapping 
  Mapped URL path [/adminAction/queryAdmin.do] onto handler 'adminAction' 
2017-07-26 10:34:32,663 INFO org.springframework.web.servlet.mvc.annotation.DefaultAnnotationHandlerMapping 
  Mapped URL path [/afterLoanManageAction/afterLoanManage.do] onto handler 'afterLoanManagerAction' 
2017-07-26 10:34:32,663 INFO org.springframework.web.servlet.mvc.annotation.DefaultAnnotationHandlerMapping 
  Mapped URL path [/afterLoanManageAction/afterLoanManageDetail.do] onto handler 'afterLoanManagerAction' 
2017-07-26 10:34:32,664 INFO org.springframework.web.servlet.mvc.annotation.DefaultAnnotationHandlerMapping 
  Mapped URL path [/bankAction/addBank.do] onto handler 'bankAction' 
2017-07-26 10:34:32,664 INFO org.springframework.web.servlet.mvc.annotation.DefaultAnnotationHandlerMapping 
  Mapped URL path [/bankAction/selectBanks.do] onto handler 'bankAction' 
2017-07-26 10:34:32,664 INFO org.springframework.web.servlet.mvc.annotation.DefaultAnnotationHandlerMapping 
  Mapped URL path [/bankAction/selectProvinces.do] onto handler 'bankAction' 
2017-07-26 10:34:32,664 INFO org.springframework.web.servlet.mvc.annotation.DefaultAnnotationHandlerMapping 
  Mapped URL path [/bankAction/selectAreas.do] onto handler 'bankAction' 
2017-07-26 10:34:32,664 INFO org.springframework.web.servlet.mvc.annotation.DefaultAnnotationHandlerMapping 
  Mapped URL path [/bankAction/selectSub.do] onto handler 'bankAction' 
2017-07-26 10:34:32,664 INFO org.springframework.web.servlet.mvc.annotation.DefaultAnnotationHandlerMapping 
  Mapped URL path [/bankAction/selectSubs.do] onto handler 'bankAction' 
2017-07-26 10:34:32,664 INFO org.springframework.web.servlet.mvc.annotation.DefaultAnnotationHandlerMapping 
  Mapped URL path [/bankAction/findChannelId.do] onto handler 'bankAction' 
2017-07-26 10:34:32,664 INFO org.springframework.web.servlet.mvc.annotation.DefaultAnnotationHandlerMapping 
  Mapped URL path [/bankAction/selectCompany.do] onto handler 'bankAction' 
2017-07-26 10:34:32,664 INFO org.springframework.web.servlet.mvc.annotation.DefaultAnnotationHandlerMapping 
  Mapped URL path [/bankSignManageAction/calFees.do] onto handler 'bankSignManageAction' 
2017-07-26 10:34:32,664 INFO org.springframework.web.servlet.mvc.annotation.DefaultAnnotationHandlerMapping 
  Mapped URL path [/bankSignManageAction/queryBusinessList.do] onto handler 'bankSignManageAction' 
2017-07-26 10:34:32,664 INFO org.springframework.web.servlet.mvc.annotation.DefaultAnnotationHandlerMapping 
  Mapped URL path [/bankSignManageAction/cardList.do] onto handler 'bankSignManageAction' 
2017-07-26 10:34:32,664 INFO org.springframework.web.servlet.mvc.annotation.DefaultAnnotationHandlerMapping 
  Mapped URL path [/bankSignManageAction/queryDetail.do] onto handler 'bankSignManageAction' 
2017-07-26 10:34:32,664 INFO org.springframework.web.servlet.mvc.annotation.DefaultAnnotationHandlerMapping 
  Mapped URL path [/bankSignManageAction/queryBalance.do] onto handler 'bankSignManageAction' 
2017-07-26 10:34:32,664 INFO org.springframework.web.servlet.mvc.annotation.DefaultAnnotationHandlerMapping 
  Mapped URL path [/bankSignManageAction/saveRecharge.do] onto handler 'bankSignManageAction' 
2017-07-26 10:34:32,665 INFO org.springframework.web.servlet.mvc.annotation.DefaultAnnotationHandlerMapping 
  Mapped URL path [/bankSignManageAction/addAccount.do] onto handler 'bankSignManageAction' 
2017-07-26 10:34:32,665 INFO org.springframework.web.servlet.mvc.annotation.DefaultAnnotationHandlerMapping 
  Mapped URL path [/bankSignManageAction/confirmRecharge.do] onto handler 'bankSignManageAction' 
2017-07-26 10:34:32,665 INFO org.springframework.web.servlet.mvc.annotation.DefaultAnnotationHandlerMapping 
  Mapped URL path [/bankSignManageAction/savePayToCashData.do] onto handler 'bankSignManageAction' 
2017-07-26 10:34:32,665 INFO org.springframework.web.servlet.mvc.annotation.DefaultAnnotationHandlerMapping 
  Mapped URL path [/bankSignManageAction/deleteAccount.do] onto handler 'bankSignManageAction' 
2017-07-26 10:34:32,665 INFO org.springframework.web.servlet.mvc.annotation.DefaultAnnotationHandlerMapping 
  Mapped URL path [/bankSignManageAction/confirmPayToCash.do] onto handler 'bankSignManageAction' 
2017-07-26 10:34:32,665 INFO org.springframework.web.servlet.mvc.annotation.DefaultAnnotationHandlerMapping 
  Mapped URL path [/bankSignManageAction/cancelSign.do] onto handler 'bankSignManageAction' 
2017-07-26 10:34:32,665 INFO org.springframework.web.servlet.mvc.annotation.DefaultAnnotationHandlerMapping 
  Mapped URL path [/bankSignManageAction/getAccName.do] onto handler 'bankSignManageAction' 
2017-07-26 10:34:32,665 INFO org.springframework.web.servlet.mvc.annotation.DefaultAnnotationHandlerMapping 
  Mapped URL path [/bankSignManageAction/checkSnCode.do] onto handler 'bankSignManageAction' 
2017-07-26 10:34:32,665 INFO org.springframework.web.servlet.mvc.annotation.DefaultAnnotationHandlerMapping 
  Mapped URL path [/capitalAction/selectBanks.do] onto handler 'capitalAction' 
2017-07-26 10:34:32,665 INFO org.springframework.web.servlet.mvc.annotation.DefaultAnnotationHandlerMapping 
  Mapped URL path [/capitalAction/selectProvinces.do] onto handler 'capitalAction' 
2017-07-26 10:34:32,665 INFO org.springframework.web.servlet.mvc.annotation.DefaultAnnotationHandlerMapping 
  Mapped URL path [/capitalAction/selectAreas.do] onto handler 'capitalAction' 
2017-07-26 10:34:32,665 INFO org.springframework.web.servlet.mvc.annotation.DefaultAnnotationHandlerMapping 
  Mapped URL path [/capitalAction/selectSub.do] onto handler 'capitalAction' 
2017-07-26 10:34:32,665 INFO org.springframework.web.servlet.mvc.annotation.DefaultAnnotationHandlerMapping 
  Mapped URL path [/capitalAction/capitalList.do] onto handler 'capitalAction' 
2017-07-26 10:34:32,665 INFO org.springframework.web.servlet.mvc.annotation.DefaultAnnotationHandlerMapping 
  Mapped URL path [/capitalAction/capitalAdd.do] onto handler 'capitalAction' 
2017-07-26 10:34:32,666 INFO org.springframework.web.servlet.mvc.annotation.DefaultAnnotationHandlerMapping 
  Mapped URL path [/capitalAction/capitalEdit.do] onto handler 'capitalAction' 
2017-07-26 10:34:32,666 INFO org.springframework.web.servlet.mvc.annotation.DefaultAnnotationHandlerMapping 
  Mapped URL path [/capitalAction/capitalDel.do] onto handler 'capitalAction' 
2017-07-26 10:34:32,666 INFO org.springframework.web.servlet.mvc.annotation.DefaultAnnotationHandlerMapping 
  Mapped URL path [/capitalAction/capitalStatus.do] onto handler 'capitalAction' 
2017-07-26 10:34:32,666 INFO org.springframework.web.servlet.mvc.annotation.DefaultAnnotationHandlerMapping 
  Mapped URL path [/capitalAction/selectsubBanks.do] onto handler 'capitalAction' 
2017-07-26 10:34:32,666 INFO org.springframework.web.servlet.mvc.annotation.DefaultAnnotationHandlerMapping 
  Mapped URL path [/capitalAction/channelbank.do] onto handler 'capitalAction' 
2017-07-26 10:34:32,666 INFO org.springframework.web.servlet.mvc.annotation.DefaultAnnotationHandlerMapping 
  Mapped URL path [/capitalAuditAction/capitalAuditList.do] onto handler 'capitalAuditAction' 
2017-07-26 10:34:32,666 INFO org.springframework.web.servlet.mvc.annotation.DefaultAnnotationHandlerMapping 
  Mapped URL path [/capitalAuditAction/loadFinanceInfo.do] onto handler 'capitalAuditAction' 
2017-07-26 10:34:32,666 INFO org.springframework.web.servlet.mvc.annotation.DefaultAnnotationHandlerMapping 
  Mapped URL path [/capitalAuditAction/auditList.do] onto handler 'capitalAuditAction' 
2017-07-26 10:34:32,666 INFO org.springframework.web.servlet.mvc.annotation.DefaultAnnotationHandlerMapping 
  Mapped URL path [/capitalAuditAction/checkpass.do] onto handler 'capitalAuditAction' 
2017-07-26 10:34:32,666 INFO org.springframework.web.servlet.mvc.annotation.DefaultAnnotationHandlerMapping 
  Mapped URL path [/capitalDetailedAction/queryCapitalDetailed.do] onto handler 'capitalDetailedAction' 
2017-07-26 10:34:32,666 INFO org.springframework.web.servlet.mvc.annotation.DefaultAnnotationHandlerMapping 
  Mapped URL path [/capitalOperatorAction/getSession.do] onto handler 'capitalOperatorAction' 
2017-07-26 10:34:32,666 INFO org.springframework.web.servlet.mvc.annotation.DefaultAnnotationHandlerMapping 
  Mapped URL path [/capitalOperatorAction/capitalOperatorList.do] onto handler 'capitalOperatorAction' 
2017-07-26 10:34:32,666 INFO org.springframework.web.servlet.mvc.annotation.DefaultAnnotationHandlerMapping 
  Mapped URL path [/capitalOperatorAction/capitalOperatorAdd.do] onto handler 'capitalOperatorAction' 
2017-07-26 10:34:32,666 INFO org.springframework.web.servlet.mvc.annotation.DefaultAnnotationHandlerMapping 
  Mapped URL path [/capitalOperatorAction/capitalOperatorEdit.do] onto handler 'capitalOperatorAction' 
2017-07-26 10:34:32,666 INFO org.springframework.web.servlet.mvc.annotation.DefaultAnnotationHandlerMapping 
  Mapped URL path [/capitalOperatorAction/getOperatorInfo.do] onto handler 'capitalOperatorAction' 
2017-07-26 10:34:32,666 INFO org.springframework.web.servlet.mvc.annotation.DefaultAnnotationHandlerMapping 
  Mapped URL path [/capitalOperatorAction/capitalOperatorDel.do] onto handler 'capitalOperatorAction' 
2017-07-26 10:34:32,666 INFO org.springframework.web.servlet.mvc.annotation.DefaultAnnotationHandlerMapping 
  Mapped URL path [/capitalOperatorAction/getSelectRoleName.do] onto handler 'capitalOperatorAction' 
2017-07-26 10:34:32,666 INFO org.springframework.web.servlet.mvc.annotation.DefaultAnnotationHandlerMapping 
  Mapped URL path [/capitalOperatorAction/getSelectRoleeName.do] onto handler 'capitalOperatorAction' 
2017-07-26 10:34:32,667 INFO org.springframework.web.servlet.mvc.annotation.DefaultAnnotationHandlerMapping 
  Mapped URL path [/capitalOperatorAction/getSelectCapitalName.do] onto handler 'capitalOperatorAction' 
2017-07-26 10:34:32,667 INFO org.springframework.web.servlet.mvc.annotation.DefaultAnnotationHandlerMapping 
  Mapped URL path [/capitalOperatorAction/statusOperator.do] onto handler 'capitalOperatorAction' 
2017-07-26 10:34:32,667 INFO org.springframework.web.servlet.mvc.annotation.DefaultAnnotationHandlerMapping 
  Mapped URL path [/capitalOperatorAction/queryOperator.do] onto handler 'capitalOperatorAction' 
2017-07-26 10:34:32,667 INFO org.springframework.web.servlet.mvc.annotation.DefaultAnnotationHandlerMapping 
  Mapped URL path [/capitalOperatorAction/initRole.do] onto handler 'capitalOperatorAction' 
2017-07-26 10:34:32,667 INFO org.springframework.web.servlet.mvc.annotation.DefaultAnnotationHandlerMapping 
  Mapped URL path [/capitalRoleAction/roleEdit.do] onto handler 'capitalRoleAction' 
2017-07-26 10:34:32,667 INFO org.springframework.web.servlet.mvc.annotation.DefaultAnnotationHandlerMapping 
  Mapped URL path [/capitalRoleAction/roleAdd.do] onto handler 'capitalRoleAction' 
2017-07-26 10:34:32,667 INFO org.springframework.web.servlet.mvc.annotation.DefaultAnnotationHandlerMapping 
  Mapped URL path [/capitalRoleAction/menuList.do] onto handler 'capitalRoleAction' 
2017-07-26 10:34:32,667 INFO org.springframework.web.servlet.mvc.annotation.DefaultAnnotationHandlerMapping 
  Mapped URL path [/capitalRoleAction/roleList.do] onto handler 'capitalRoleAction' 
2017-07-26 10:34:32,667 INFO org.springframework.web.servlet.mvc.annotation.DefaultAnnotationHandlerMapping 
  Mapped URL path [/capitalRoleAction/getRoleInfo.do] onto handler 'capitalRoleAction' 
2017-07-26 10:34:32,667 INFO org.springframework.web.servlet.mvc.annotation.DefaultAnnotationHandlerMapping 
  Mapped URL path [/capitalRoleAction/roleDelete.do] onto handler 'capitalRoleAction' 
2017-07-26 10:34:32,667 INFO org.springframework.web.servlet.mvc.annotation.DefaultAnnotationHandlerMapping 
  Mapped URL path [/capitalRoleAction/roleStatus.do] onto handler 'capitalRoleAction' 
2017-07-26 10:34:32,667 INFO org.springframework.web.servlet.mvc.annotation.DefaultAnnotationHandlerMapping 
  Mapped URL path [/capitalRoleAction/findRoleSelect.do] onto handler 'capitalRoleAction' 
2017-07-26 10:34:32,667 INFO org.springframework.web.servlet.mvc.annotation.DefaultAnnotationHandlerMapping 
  Mapped URL path [/capitalRoleAction/menuDetailList.do] onto handler 'capitalRoleAction' 
2017-07-26 10:34:32,667 INFO org.springframework.web.servlet.mvc.annotation.DefaultAnnotationHandlerMapping 
  Mapped URL path [/capitalRoleAction/queryRole.do] onto handler 'capitalRoleAction' 
2017-07-26 10:34:32,667 INFO org.springframework.web.servlet.mvc.annotation.DefaultAnnotationHandlerMapping 
  Mapped URL path [/capitalRoleAction/queryDetailAdmin.do] onto handler 'capitalRoleAction' 
2017-07-26 10:34:32,667 INFO org.springframework.web.servlet.mvc.annotation.DefaultAnnotationHandlerMapping 
  Mapped URL path [/capitalRoleAction/editView.do] onto handler 'capitalRoleAction' 
2017-07-26 10:34:32,667 INFO org.springframework.web.servlet.mvc.annotation.DefaultAnnotationHandlerMapping 
  Mapped URL path [/clearingAction/initAccountType.do] onto handler 'clearingAction' 
2017-07-26 10:34:32,667 INFO org.springframework.web.servlet.mvc.annotation.DefaultAnnotationHandlerMapping 
  Mapped URL path [/clearingAction/clearing.do] onto handler 'clearingAction' 
2017-07-26 10:34:32,668 INFO org.springframework.web.servlet.mvc.annotation.DefaultAnnotationHandlerMapping 
  Mapped URL path [/contractMaintenanceAction/queryContract.do] onto handler 'contractMaintenanceAction' 
2017-07-26 10:34:32,668 INFO org.springframework.web.servlet.mvc.annotation.DefaultAnnotationHandlerMapping 
  Mapped URL path [/contractMaintenanceAction/findBank.do] onto handler 'contractMaintenanceAction' 
2017-07-26 10:34:32,668 INFO org.springframework.web.servlet.mvc.annotation.DefaultAnnotationHandlerMapping 
  Mapped URL path [/contractMaintenanceAction/addContract.do] onto handler 'contractMaintenanceAction' 
2017-07-26 10:34:32,668 INFO org.springframework.web.servlet.mvc.annotation.DefaultAnnotationHandlerMapping 
  Mapped URL path [/contractMaintenanceAction/contractStatus.do] onto handler 'contractMaintenanceAction' 
2017-07-26 10:34:32,668 INFO org.springframework.web.servlet.mvc.annotation.DefaultAnnotationHandlerMapping 
  Mapped URL path [/contractMaintenanceAction/findContract.do] onto handler 'contractMaintenanceAction' 
2017-07-26 10:34:32,668 INFO org.springframework.web.servlet.mvc.annotation.DefaultAnnotationHandlerMapping 
  Mapped URL path [/contractMaintenanceAction/contractEdit.do] onto handler 'contractMaintenanceAction' 
2017-07-26 10:34:32,668 INFO org.springframework.web.servlet.mvc.annotation.DefaultAnnotationHandlerMapping 
  Mapped URL path [/coOwnerManageAction/cardList.do] onto handler 'coOwnerManageAction' 
2017-07-26 10:34:32,668 INFO org.springframework.web.servlet.mvc.annotation.DefaultAnnotationHandlerMapping 
  Mapped URL path [/coOwnerManageAction/queryAgencyList.do] onto handler 'coOwnerManageAction' 
2017-07-26 10:34:32,668 INFO org.springframework.web.servlet.mvc.annotation.DefaultAnnotationHandlerMapping 
  Mapped URL path [/coOwnerManageAction/queryCoOwnerList.do] onto handler 'coOwnerManageAction' 
2017-07-26 10:34:32,668 INFO org.springframework.web.servlet.mvc.annotation.DefaultAnnotationHandlerMapping 
  Mapped URL path [/coOwnerManageAction/deleteCoOwner.do] onto handler 'coOwnerManageAction' 
2017-07-26 10:34:32,668 INFO org.springframework.web.servlet.mvc.annotation.DefaultAnnotationHandlerMapping 
  Mapped URL path [/coOwnerManageAction/addCoOwner.do] onto handler 'coOwnerManageAction' 
2017-07-26 10:34:32,668 INFO org.springframework.web.servlet.mvc.annotation.DefaultAnnotationHandlerMapping 
  Mapped URL path [/coOwnerManageAction/qureyAgencyBank.do] onto handler 'coOwnerManageAction' 
2017-07-26 10:34:32,668 INFO org.springframework.web.servlet.mvc.annotation.DefaultAnnotationHandlerMapping 
  Mapped URL path [/coOwnerManageAction/combineToSCF.do] onto handler 'coOwnerManageAction' 
2017-07-26 10:34:32,668 INFO org.springframework.web.servlet.mvc.annotation.DefaultAnnotationHandlerMapping 
  Mapped URL path [/coOwnerManageAction/getInfoAgencyByPage.do] onto handler 'coOwnerManageAction' 
2017-07-26 10:34:32,668 INFO org.springframework.web.servlet.mvc.annotation.DefaultAnnotationHandlerMapping 
  Mapped URL path [/coOwnerManageAction/InfoByCompanyByPage.do] onto handler 'coOwnerManageAction' 
2017-07-26 10:34:32,668 INFO org.springframework.web.servlet.mvc.annotation.DefaultAnnotationHandlerMapping 
  Mapped URL path [/coreAdminAction/adminAdd.do] onto handler 'coreAdminAction' 
2017-07-26 10:34:32,668 INFO org.springframework.web.servlet.mvc.annotation.DefaultAnnotationHandlerMapping 
  Mapped URL path [/coreAdminAction/adminList.do] onto handler 'coreAdminAction' 
2017-07-26 10:34:32,668 INFO org.springframework.web.servlet.mvc.annotation.DefaultAnnotationHandlerMapping 
  Mapped URL path [/coreAdminAction/getAdminInfo.do] onto handler 'coreAdminAction' 
2017-07-26 10:34:32,669 INFO org.springframework.web.servlet.mvc.annotation.DefaultAnnotationHandlerMapping 
  Mapped URL path [/coreAdminAction/adminEdit.do] onto handler 'coreAdminAction' 
2017-07-26 10:34:32,669 INFO org.springframework.web.servlet.mvc.annotation.DefaultAnnotationHandlerMapping 
  Mapped URL path [/coreAdminAction/adminDelete.do] onto handler 'coreAdminAction' 
2017-07-26 10:34:32,669 INFO org.springframework.web.servlet.mvc.annotation.DefaultAnnotationHandlerMapping 
  Mapped URL path [/coreAdminAction/initRole.do] onto handler 'coreAdminAction' 
2017-07-26 10:34:32,669 INFO org.springframework.web.servlet.mvc.annotation.DefaultAnnotationHandlerMapping 
  Mapped URL path [/coreAdminAction/adminStatus.do] onto handler 'coreAdminAction' 
2017-07-26 10:34:32,669 INFO org.springframework.web.servlet.mvc.annotation.DefaultAnnotationHandlerMapping 
  Mapped URL path [/coreAdminAction/queryAdmin.do] onto handler 'coreAdminAction' 
2017-07-26 10:34:32,669 INFO org.springframework.web.servlet.mvc.annotation.DefaultAnnotationHandlerMapping 
  Mapped URL path [/coreCompanyAction/findArea.do] onto handler 'coreCompanyAction' 
2017-07-26 10:34:32,669 INFO org.springframework.web.servlet.mvc.annotation.DefaultAnnotationHandlerMapping 
  Mapped URL path [/coreCompanyAction/coreCompanyList.do] onto handler 'coreCompanyAction' 
2017-07-26 10:34:32,669 INFO org.springframework.web.servlet.mvc.annotation.DefaultAnnotationHandlerMapping 
  Mapped URL path [/coreCompanyAction/findCity.do] onto handler 'coreCompanyAction' 
2017-07-26 10:34:32,669 INFO org.springframework.web.servlet.mvc.annotation.DefaultAnnotationHandlerMapping 
  Mapped URL path [/coreCompanyAction/findReprovinceSelect.do] onto handler 'coreCompanyAction' 
2017-07-26 10:34:32,669 INFO org.springframework.web.servlet.mvc.annotation.DefaultAnnotationHandlerMapping 
  Mapped URL path [/coreCompanyAction/findRecitySelect.do] onto handler 'coreCompanyAction' 
2017-07-26 10:34:32,669 INFO org.springframework.web.servlet.mvc.annotation.DefaultAnnotationHandlerMapping 
  Mapped URL path [/coreCompanyAction/findReareaSelect.do] onto handler 'coreCompanyAction' 
2017-07-26 10:34:32,669 INFO org.springframework.web.servlet.mvc.annotation.DefaultAnnotationHandlerMapping 
  Mapped URL path [/coreCompanyAction/findCompanyType.do] onto handler 'coreCompanyAction' 
2017-07-26 10:34:32,669 INFO org.springframework.web.servlet.mvc.annotation.DefaultAnnotationHandlerMapping 
  Mapped URL path [/coreCompanyAction/findCompanyLegalcertType.do] onto handler 'coreCompanyAction' 
2017-07-26 10:34:32,669 INFO org.springframework.web.servlet.mvc.annotation.DefaultAnnotationHandlerMapping 
  Mapped URL path [/coreCompanyAction/queryById.do] onto handler 'coreCompanyAction' 
2017-07-26 10:34:32,669 INFO org.springframework.web.servlet.mvc.annotation.DefaultAnnotationHandlerMapping 
  Mapped URL path [/coreCompanyAction/findProvice.do] onto handler 'coreCompanyAction' 
2017-07-26 10:34:32,669 INFO org.springframework.web.servlet.mvc.annotation.DefaultAnnotationHandlerMapping 
  Mapped URL path [/coreCompanyAction/editCompany.do] onto handler 'coreCompanyAction' 
2017-07-26 10:34:32,669 INFO org.springframework.web.servlet.mvc.annotation.DefaultAnnotationHandlerMapping 
  Mapped URL path [/coreCompanyAction/queryComBankAccInf.do] onto handler 'coreCompanyAction' 
2017-07-26 10:34:32,669 INFO org.springframework.web.servlet.mvc.annotation.DefaultAnnotationHandlerMapping 
  Mapped URL path [/coreCompanyAction/queryComBankDetail.do] onto handler 'coreCompanyAction' 
2017-07-26 10:34:32,669 INFO org.springframework.web.servlet.mvc.annotation.DefaultAnnotationHandlerMapping 
  Mapped URL path [/coreCompanyAction/queryDeital.do] onto handler 'coreCompanyAction' 
2017-07-26 10:34:32,669 INFO org.springframework.web.servlet.mvc.annotation.DefaultAnnotationHandlerMapping 
  Mapped URL path [/coreCompanyAction/editCompanyState.do] onto handler 'coreCompanyAction' 
2017-07-26 10:34:32,669 INFO org.springframework.web.servlet.mvc.annotation.DefaultAnnotationHandlerMapping 
  Mapped URL path [/coreCompanyAction/queryComLimitDetail.do] onto handler 'coreCompanyAction' 
2017-07-26 10:34:32,669 INFO org.springframework.web.servlet.mvc.annotation.DefaultAnnotationHandlerMapping 
  Mapped URL path [/coreCompanyAction/deleteBindName.do] onto handler 'coreCompanyAction' 
2017-07-26 10:34:32,669 INFO org.springframework.web.servlet.mvc.annotation.DefaultAnnotationHandlerMapping 
  Mapped URL path [/coreCompanyAction/findSelectCompany.do] onto handler 'coreCompanyAction' 
2017-07-26 10:34:32,669 INFO org.springframework.web.servlet.mvc.annotation.DefaultAnnotationHandlerMapping 
  Mapped URL path [/coreCompanyAction/selectComMem.do] onto handler 'coreCompanyAction' 
2017-07-26 10:34:32,670 INFO org.springframework.web.servlet.mvc.annotation.DefaultAnnotationHandlerMapping 
  Mapped URL path [/coreRoleAction/roleEdit.do] onto handler 'coreRoleAction' 
2017-07-26 10:34:32,670 INFO org.springframework.web.servlet.mvc.annotation.DefaultAnnotationHandlerMapping 
  Mapped URL path [/coreRoleAction/roleAdd.do] onto handler 'coreRoleAction' 
2017-07-26 10:34:32,670 INFO org.springframework.web.servlet.mvc.annotation.DefaultAnnotationHandlerMapping 
  Mapped URL path [/coreRoleAction/menuList.do] onto handler 'coreRoleAction' 
2017-07-26 10:34:32,670 INFO org.springframework.web.servlet.mvc.annotation.DefaultAnnotationHandlerMapping 
  Mapped URL path [/coreRoleAction/roleList.do] onto handler 'coreRoleAction' 
2017-07-26 10:34:32,670 INFO org.springframework.web.servlet.mvc.annotation.DefaultAnnotationHandlerMapping 
  Mapped URL path [/coreRoleAction/getRoleInfo.do] onto handler 'coreRoleAction' 
2017-07-26 10:34:32,670 INFO org.springframework.web.servlet.mvc.annotation.DefaultAnnotationHandlerMapping 
  Mapped URL path [/coreRoleAction/roleDelete.do] onto handler 'coreRoleAction' 
2017-07-26 10:34:32,670 INFO org.springframework.web.servlet.mvc.annotation.DefaultAnnotationHandlerMapping 
  Mapped URL path [/coreRoleAction/roleStatus.do] onto handler 'coreRoleAction' 
2017-07-26 10:34:32,670 INFO org.springframework.web.servlet.mvc.annotation.DefaultAnnotationHandlerMapping 
  Mapped URL path [/coreRoleAction/findRoleSelect.do] onto handler 'coreRoleAction' 
2017-07-26 10:34:32,670 INFO org.springframework.web.servlet.mvc.annotation.DefaultAnnotationHandlerMapping 
  Mapped URL path [/coreRoleAction/menuDetailList.do] onto handler 'coreRoleAction' 
2017-07-26 10:34:32,670 INFO org.springframework.web.servlet.mvc.annotation.DefaultAnnotationHandlerMapping 
  Mapped URL path [/coreRoleAction/queryRole.do] onto handler 'coreRoleAction' 
2017-07-26 10:34:32,670 INFO org.springframework.web.servlet.mvc.annotation.DefaultAnnotationHandlerMapping 
  Mapped URL path [/coreRoleAction/adminList.do] onto handler 'coreRoleAction' 
2017-07-26 10:34:32,670 INFO org.springframework.web.servlet.mvc.annotation.DefaultAnnotationHandlerMapping 
  Mapped URL path [/coreRoleAction/getMenuList.do] onto handler 'coreRoleAction' 
2017-07-26 10:34:32,670 INFO org.springframework.web.servlet.mvc.annotation.DefaultAnnotationHandlerMapping 
  Mapped URL path [/coreRoleAction/getCompanyInfo.do] onto handler 'coreRoleAction' 
2017-07-26 10:34:32,670 INFO org.springframework.web.servlet.mvc.annotation.DefaultAnnotationHandlerMapping 
  Mapped URL path [/coreRoleAction/findRolSelect.do] onto handler 'coreRoleAction' 
2017-07-26 10:34:32,670 INFO org.springframework.web.servlet.mvc.annotation.DefaultAnnotationHandlerMapping 
  Mapped URL path [/coreRoleAction/findCompanySelect.do] onto handler 'coreRoleAction' 
2017-07-26 10:34:32,670 INFO org.springframework.web.servlet.mvc.annotation.DefaultAnnotationHandlerMapping 
  Mapped URL path [/coreRoleAction/findCompanySelec.do] onto handler 'coreRoleAction' 
2017-07-26 10:34:32,670 INFO org.springframework.web.servlet.mvc.annotation.DefaultAnnotationHandlerMapping 
  Mapped URL path [/CreditContractAction/addAccount.do] onto handler 'creditContractAction' 
2017-07-26 10:34:32,670 INFO org.springframework.web.servlet.mvc.annotation.DefaultAnnotationHandlerMapping 
  Mapped URL path [/CreditContractAction/creditContractList.do] onto handler 'creditContractAction' 
2017-07-26 10:34:32,670 INFO org.springframework.web.servlet.mvc.annotation.DefaultAnnotationHandlerMapping 
  Mapped URL path [/CreditContractAction/queryUserData.do] onto handler 'creditContractAction' 
2017-07-26 10:34:32,670 INFO org.springframework.web.servlet.mvc.annotation.DefaultAnnotationHandlerMapping 
  Mapped URL path [/CreditContractAction/addSignPactData.do] onto handler 'creditContractAction' 
2017-07-26 10:34:32,670 INFO org.springframework.web.servlet.mvc.annotation.DefaultAnnotationHandlerMapping 
  Mapped URL path [/CreditContractAction/previewfile.do] onto handler 'creditContractAction' 
2017-07-26 10:34:32,670 INFO org.springframework.web.servlet.mvc.annotation.DefaultAnnotationHandlerMapping 
  Mapped URL path [/creditInformaAction/fileList.do] onto handler 'creditInformaAction' 
2017-07-26 10:34:32,670 INFO org.springframework.web.servlet.mvc.annotation.DefaultAnnotationHandlerMapping 
  Mapped URL path [/creditInformaAction/creditInformaList.do] onto handler 'creditInformaAction' 
2017-07-26 10:34:32,670 INFO org.springframework.web.servlet.mvc.annotation.DefaultAnnotationHandlerMapping 
  Mapped URL path [/creditInformaAction/queryCredit.do] onto handler 'creditInformaAction' 
2017-07-26 10:34:32,670 INFO org.springframework.web.servlet.mvc.annotation.DefaultAnnotationHandlerMapping 
  Mapped URL path [/creditInformaAction/creditList.do] onto handler 'creditInformaAction' 
2017-07-26 10:34:32,671 INFO org.springframework.web.servlet.mvc.annotation.DefaultAnnotationHandlerMapping 
  Mapped URL path [/creditInformaAction/findCreditList.do] onto handler 'creditInformaAction' 
2017-07-26 10:34:32,671 INFO org.springframework.web.servlet.mvc.annotation.DefaultAnnotationHandlerMapping 
  Mapped URL path [/financeAction/loadFinanceInfo.do] onto handler 'financeAction' 
2017-07-26 10:34:32,671 INFO org.springframework.web.servlet.mvc.annotation.DefaultAnnotationHandlerMapping 
  Mapped URL path [/financeAction/auditList.do] onto handler 'financeAction' 
2017-07-26 10:34:32,671 INFO org.springframework.web.servlet.mvc.annotation.DefaultAnnotationHandlerMapping 
  Mapped URL path [/financeAction/checkpass.do] onto handler 'financeAction' 
2017-07-26 10:34:32,671 INFO org.springframework.web.servlet.mvc.annotation.DefaultAnnotationHandlerMapping 
  Mapped URL path [/financeAction/fileList.do] onto handler 'financeAction' 
2017-07-26 10:34:32,671 INFO org.springframework.web.servlet.mvc.annotation.DefaultAnnotationHandlerMapping 
  Mapped URL path [/financeAction/downfile.do] onto handler 'financeAction' 
2017-07-26 10:34:32,671 INFO org.springframework.web.servlet.mvc.annotation.DefaultAnnotationHandlerMapping 
  Mapped URL path [/financeAction/financeList.do] onto handler 'financeAction' 
2017-07-26 10:34:32,671 INFO org.springframework.web.servlet.mvc.annotation.DefaultAnnotationHandlerMapping 
  Mapped URL path [/financeAction/zffinanceList.do] onto handler 'financeAction' 
2017-07-26 10:34:32,671 INFO org.springframework.web.servlet.mvc.annotation.DefaultAnnotationHandlerMapping 
  Mapped URL path [/financeAction/downZipFile.do] onto handler 'financeAction' 
2017-07-26 10:34:32,671 INFO org.springframework.web.servlet.mvc.annotation.DefaultAnnotationHandlerMapping 
  Mapped URL path [/financeAction/downContractfile.do] onto handler 'financeAction' 
2017-07-26 10:34:32,671 INFO org.springframework.web.servlet.mvc.annotation.DefaultAnnotationHandlerMapping 
  Mapped URL path [/financeAction/repayList.do] onto handler 'financeAction' 
2017-07-26 10:34:32,671 INFO org.springframework.web.servlet.mvc.annotation.DefaultAnnotationHandlerMapping 
  Mapped URL path [/financeAction/receviceAmtList.do] onto handler 'financeAction' 
2017-07-26 10:34:32,671 INFO org.springframework.web.servlet.mvc.annotation.DefaultAnnotationHandlerMapping 
  Mapped URL path [/financeAdminAction/adminAdd.do] onto handler 'financeAdminAction' 
2017-07-26 10:34:32,671 INFO org.springframework.web.servlet.mvc.annotation.DefaultAnnotationHandlerMapping 
  Mapped URL path [/financeAdminAction/adminList.do] onto handler 'financeAdminAction' 
2017-07-26 10:34:32,671 INFO org.springframework.web.servlet.mvc.annotation.DefaultAnnotationHandlerMapping 
  Mapped URL path [/financeAdminAction/getAdminInfo.do] onto handler 'financeAdminAction' 
2017-07-26 10:34:32,671 INFO org.springframework.web.servlet.mvc.annotation.DefaultAnnotationHandlerMapping 
  Mapped URL path [/financeAdminAction/adminEdit.do] onto handler 'financeAdminAction' 
2017-07-26 10:34:32,671 INFO org.springframework.web.servlet.mvc.annotation.DefaultAnnotationHandlerMapping 
  Mapped URL path [/financeAdminAction/adminDelete.do] onto handler 'financeAdminAction' 
2017-07-26 10:34:32,671 INFO org.springframework.web.servlet.mvc.annotation.DefaultAnnotationHandlerMapping 
  Mapped URL path [/financeAdminAction/initRole.do] onto handler 'financeAdminAction' 
2017-07-26 10:34:32,671 INFO org.springframework.web.servlet.mvc.annotation.DefaultAnnotationHandlerMapping 
  Mapped URL path [/financeAdminAction/adminStatus.do] onto handler 'financeAdminAction' 
2017-07-26 10:34:32,671 INFO org.springframework.web.servlet.mvc.annotation.DefaultAnnotationHandlerMapping 
  Mapped URL path [/financeAdminAction/queryAdmin.do] onto handler 'financeAdminAction' 
2017-07-26 10:34:32,673 INFO org.springframework.web.servlet.mvc.annotation.DefaultAnnotationHandlerMapping 
  Mapped URL path [/financePartyAction/findArea.do] onto handler 'financePartyAction' 
2017-07-26 10:34:32,673 INFO org.springframework.web.servlet.mvc.annotation.DefaultAnnotationHandlerMapping 
  Mapped URL path [/financePartyAction/findCity.do] onto handler 'financePartyAction' 
2017-07-26 10:34:32,673 INFO org.springframework.web.servlet.mvc.annotation.DefaultAnnotationHandlerMapping 
  Mapped URL path [/financePartyAction/queryById.do] onto handler 'financePartyAction' 
2017-07-26 10:34:32,673 INFO org.springframework.web.servlet.mvc.annotation.DefaultAnnotationHandlerMapping 
  Mapped URL path [/financePartyAction/findProvice.do] onto handler 'financePartyAction' 
2017-07-26 10:34:32,673 INFO org.springframework.web.servlet.mvc.annotation.DefaultAnnotationHandlerMapping 
  Mapped URL path [/financePartyAction/queryDeital.do] onto handler 'financePartyAction' 
2017-07-26 10:34:32,673 INFO org.springframework.web.servlet.mvc.annotation.DefaultAnnotationHandlerMapping 
  Mapped URL path [/financePartyAction/financePartList.do] onto handler 'financePartyAction' 
2017-07-26 10:34:32,673 INFO org.springframework.web.servlet.mvc.annotation.DefaultAnnotationHandlerMapping 
  Mapped URL path [/financePartyAction/editAgencyState.do] onto handler 'financePartyAction' 
2017-07-26 10:34:32,673 INFO org.springframework.web.servlet.mvc.annotation.DefaultAnnotationHandlerMapping 
  Mapped URL path [/financePartyAction/queryCompanyByAgencyId.do] onto handler 'financePartyAction' 
2017-07-26 10:34:32,673 INFO org.springframework.web.servlet.mvc.annotation.DefaultAnnotationHandlerMapping 
  Mapped URL path [/financePartyAction/isAgencyCodeExist.do] onto handler 'financePartyAction' 
2017-07-26 10:34:32,673 INFO org.springframework.web.servlet.mvc.annotation.DefaultAnnotationHandlerMapping 
  Mapped URL path [/financePartyAction/queryProvice.do] onto handler 'financePartyAction' 
2017-07-26 10:34:32,673 INFO org.springframework.web.servlet.mvc.annotation.DefaultAnnotationHandlerMapping 
  Mapped URL path [/financePartyAction/queryCity.do] onto handler 'financePartyAction' 
2017-07-26 10:34:32,673 INFO org.springframework.web.servlet.mvc.annotation.DefaultAnnotationHandlerMapping 
  Mapped URL path [/financePartyAction/queryArea.do] onto handler 'financePartyAction' 
2017-07-26 10:34:32,674 INFO org.springframework.web.servlet.mvc.annotation.DefaultAnnotationHandlerMapping 
  Mapped URL path [/financePartyAction/queryCompany.do] onto handler 'financePartyAction' 
2017-07-26 10:34:32,674 INFO org.springframework.web.servlet.mvc.annotation.DefaultAnnotationHandlerMapping 
  Mapped URL path [/financePartyAction/querycompanyDetail.do] onto handler 'financePartyAction' 
2017-07-26 10:34:32,674 INFO org.springframework.web.servlet.mvc.annotation.DefaultAnnotationHandlerMapping 
  Mapped URL path [/financePartyAction/querycreditDetail.do] onto handler 'financePartyAction' 
2017-07-26 10:34:32,674 INFO org.springframework.web.servlet.mvc.annotation.DefaultAnnotationHandlerMapping 
  Mapped URL path [/financePartyAction/queryfinanceDetail.do] onto handler 'financePartyAction' 
2017-07-26 10:34:32,674 INFO org.springframework.web.servlet.mvc.annotation.DefaultAnnotationHandlerMapping 
  Mapped URL path [/financePartyAction/addFinace.do] onto handler 'financePartyAction' 
2017-07-26 10:34:32,674 INFO org.springframework.web.servlet.mvc.annotation.DefaultAnnotationHandlerMapping 
  Mapped URL path [/financePartyAction/queryInCompany.do] onto handler 'financePartyAction' 
2017-07-26 10:34:32,674 INFO org.springframework.web.servlet.mvc.annotation.DefaultAnnotationHandlerMapping 
  Mapped URL path [/financePartyAction/queryOutCompany.do] onto handler 'financePartyAction' 
2017-07-26 10:34:32,674 INFO org.springframework.web.servlet.mvc.annotation.DefaultAnnotationHandlerMapping 
  Mapped URL path [/financePartyAction/addCompany.do] onto handler 'financePartyAction' 
2017-07-26 10:34:32,674 INFO org.springframework.web.servlet.mvc.annotation.DefaultAnnotationHandlerMapping 
  Mapped URL path [/financePartyAction/editFinace.do] onto handler 'financePartyAction' 
2017-07-26 10:34:32,674 INFO org.springframework.web.servlet.mvc.annotation.DefaultAnnotationHandlerMapping 
  Mapped URL path [/financePartyAction/queryBankList.do] onto handler 'financePartyAction' 
2017-07-26 10:34:32,674 INFO org.springframework.web.servlet.mvc.annotation.DefaultAnnotationHandlerMapping 
  Mapped URL path [/financePartyAction/queryBank.do] onto handler 'financePartyAction' 
2017-07-26 10:34:32,674 INFO org.springframework.web.servlet.mvc.annotation.DefaultAnnotationHandlerMapping 
  Mapped URL path [/financePartyAction/queryAgencyMember.do] onto handler 'financePartyAction' 
2017-07-26 10:34:32,674 INFO org.springframework.web.servlet.mvc.annotation.DefaultAnnotationHandlerMapping 
  Mapped URL path [/financePartyAction/deleteAgecnyMember.do] onto handler 'financePartyAction' 
2017-07-26 10:34:32,674 INFO org.springframework.web.servlet.mvc.annotation.DefaultAnnotationHandlerMapping 
  Mapped URL path [/financePartyAction/addAgencyMember.do] onto handler 'financePartyAction' 
2017-07-26 10:34:32,674 INFO org.springframework.web.servlet.mvc.annotation.DefaultAnnotationHandlerMapping 
  Mapped URL path [/financePartyAction/addComMember.do] onto handler 'financePartyAction' 
2017-07-26 10:34:32,675 INFO org.springframework.web.servlet.mvc.annotation.DefaultAnnotationHandlerMapping 
  Mapped URL path [/financeRoleAction/roleEdit.do] onto handler 'financeRoleAction' 
2017-07-26 10:34:32,675 INFO org.springframework.web.servlet.mvc.annotation.DefaultAnnotationHandlerMapping 
  Mapped URL path [/financeRoleAction/roleAdd.do] onto handler 'financeRoleAction' 
2017-07-26 10:34:32,675 INFO org.springframework.web.servlet.mvc.annotation.DefaultAnnotationHandlerMapping 
  Mapped URL path [/financeRoleAction/menuList.do] onto handler 'financeRoleAction' 
2017-07-26 10:34:32,675 INFO org.springframework.web.servlet.mvc.annotation.DefaultAnnotationHandlerMapping 
  Mapped URL path [/financeRoleAction/roleList.do] onto handler 'financeRoleAction' 
2017-07-26 10:34:32,675 INFO org.springframework.web.servlet.mvc.annotation.DefaultAnnotationHandlerMapping 
  Mapped URL path [/financeRoleAction/getRoleInfo.do] onto handler 'financeRoleAction' 
2017-07-26 10:34:32,675 INFO org.springframework.web.servlet.mvc.annotation.DefaultAnnotationHandlerMapping 
  Mapped URL path [/financeRoleAction/roleDelete.do] onto handler 'financeRoleAction' 
2017-07-26 10:34:32,675 INFO org.springframework.web.servlet.mvc.annotation.DefaultAnnotationHandlerMapping 
  Mapped URL path [/financeRoleAction/roleStatus.do] onto handler 'financeRoleAction' 
2017-07-26 10:34:32,675 INFO org.springframework.web.servlet.mvc.annotation.DefaultAnnotationHandlerMapping 
  Mapped URL path [/financeRoleAction/findRoleSelect.do] onto handler 'financeRoleAction' 
2017-07-26 10:34:32,675 INFO org.springframework.web.servlet.mvc.annotation.DefaultAnnotationHandlerMapping 
  Mapped URL path [/financeRoleAction/menuDetailList.do] onto handler 'financeRoleAction' 
2017-07-26 10:34:32,675 INFO org.springframework.web.servlet.mvc.annotation.DefaultAnnotationHandlerMapping 
  Mapped URL path [/financeRoleAction/queryRole.do] onto handler 'financeRoleAction' 
2017-07-26 10:34:32,675 INFO org.springframework.web.servlet.mvc.annotation.DefaultAnnotationHandlerMapping 
  Mapped URL path [/financeRoleAction/adminList.do] onto handler 'financeRoleAction' 
2017-07-26 10:34:32,675 INFO org.springframework.web.servlet.mvc.annotation.DefaultAnnotationHandlerMapping 
  Mapped URL path [/financeRoleAction/getMenuList.do] onto handler 'financeRoleAction' 
2017-07-26 10:34:32,675 INFO org.springframework.web.servlet.mvc.annotation.DefaultAnnotationHandlerMapping 
  Mapped URL path [/financeRoleAction/findRolSelect.do] onto handler 'financeRoleAction' 
2017-07-26 10:34:32,675 INFO org.springframework.web.servlet.mvc.annotation.DefaultAnnotationHandlerMapping 
  Mapped URL path [/financeRoleAction/findAgencySelect.do] onto handler 'financeRoleAction' 
2017-07-26 10:34:32,675 INFO org.springframework.web.servlet.mvc.annotation.DefaultAnnotationHandlerMapping 
  Mapped URL path [/financeRoleAction/getAgencyInfo.do] onto handler 'financeRoleAction' 
2017-07-26 10:34:32,675 INFO org.springframework.web.servlet.mvc.annotation.DefaultAnnotationHandlerMapping 
  Mapped URL path [/financeRoleAction/queryAgencySelect.do] onto handler 'financeRoleAction' 
2017-07-26 10:34:32,675 INFO org.springframework.web.servlet.mvc.annotation.DefaultAnnotationHandlerMapping 
  Mapped URL path [/guaranteeManageAction/queryGuaranteeList.do] onto handler 'guaranteeManageAction' 
2017-07-26 10:34:32,676 INFO org.springframework.web.servlet.mvc.annotation.DefaultAnnotationHandlerMapping 
  Mapped URL path [/guaranteeManageAction/deleteGuarantee.do] onto handler 'guaranteeManageAction' 
2017-07-26 10:34:32,676 INFO org.springframework.web.servlet.mvc.annotation.DefaultAnnotationHandlerMapping 
  Mapped URL path [/guaranteeManageAction/addGuarantee.do] onto handler 'guaranteeManageAction' 
2017-07-26 10:34:32,676 INFO org.springframework.web.servlet.mvc.annotation.DefaultAnnotationHandlerMapping 
  Mapped URL path [/houseFoundAction/queryHouseFound.do] onto handler 'houseFoundAction' 
2017-07-26 10:34:32,676 INFO org.springframework.web.servlet.mvc.annotation.DefaultAnnotationHandlerMapping 
  Mapped URL path [/loanInformationAction/loanInformationList.do] onto handler 'loanInformationAction' 
2017-07-26 10:34:32,676 INFO org.springframework.web.servlet.mvc.annotation.DefaultAnnotationHandlerMapping 
  Mapped URL path [/loanInformationAction/loanInformaList.do] onto handler 'loanInformationAction' 
2017-07-26 10:34:32,676 INFO org.springframework.web.servlet.mvc.annotation.DefaultAnnotationHandlerMapping 
  Mapped URL path [/loanInformationAction/queryLoan.do] onto handler 'loanInformationAction' 
2017-07-26 10:34:32,676 INFO org.springframework.web.servlet.mvc.annotation.DefaultAnnotationHandlerMapping 
  Mapped URL path [/loanInformationAction/findBank.do] onto handler 'loanInformationAction' 
2017-07-26 10:34:32,676 INFO org.springframework.web.servlet.mvc.annotation.DefaultAnnotationHandlerMapping 
  Mapped URL path [/loanPaymentAction/loanPaymentList.do] onto handler 'loanPaymentAction' 
2017-07-26 10:34:32,676 INFO org.springframework.web.servlet.mvc.annotation.DefaultAnnotationHandlerMapping 
  Mapped URL path [/loanPaymentAction/thawAmount.do] onto handler 'loanPaymentAction' 
2017-07-26 10:34:32,676 INFO org.springframework.web.servlet.mvc.annotation.DefaultAnnotationHandlerMapping 
  Mapped URL path [/logAction/logList] onto handler 'logAction' 
2017-07-26 10:34:32,676 INFO org.springframework.web.servlet.mvc.annotation.DefaultAnnotationHandlerMapping 
  Mapped URL path [/logAction/logList.*] onto handler 'logAction' 
2017-07-26 10:34:32,676 INFO org.springframework.web.servlet.mvc.annotation.DefaultAnnotationHandlerMapping 
  Mapped URL path [/logAction/logList/] onto handler 'logAction' 
2017-07-26 10:34:32,676 INFO org.springframework.web.servlet.mvc.annotation.DefaultAnnotationHandlerMapping 
  Mapped URL path [/mailAction/mailList.do] onto handler 'mailAction' 
2017-07-26 10:34:32,676 INFO org.springframework.web.servlet.mvc.annotation.DefaultAnnotationHandlerMapping 
  Mapped URL path [/mailAction/queryMail.do] onto handler 'mailAction' 
2017-07-26 10:34:32,676 INFO org.springframework.web.servlet.mvc.annotation.DefaultAnnotationHandlerMapping 
  Mapped URL path [/mailAction/countMailList.do] onto handler 'mailAction' 
2017-07-26 10:34:32,676 INFO org.springframework.web.servlet.mvc.annotation.DefaultAnnotationHandlerMapping 
  Mapped URL path [/OrderManageAction/orderList.do] onto handler 'orderManageAction' 
2017-07-26 10:34:32,676 INFO org.springframework.web.servlet.mvc.annotation.DefaultAnnotationHandlerMapping 
  Mapped URL path [/paramAction/paramAdd.do] onto handler 'paramAction' 
2017-07-26 10:34:32,676 INFO org.springframework.web.servlet.mvc.annotation.DefaultAnnotationHandlerMapping 
  Mapped URL path [/paramAction/paramList.do] onto handler 'paramAction' 
2017-07-26 10:34:32,676 INFO org.springframework.web.servlet.mvc.annotation.DefaultAnnotationHandlerMapping 
  Mapped URL path [/paramAction/getParamInfo.do] onto handler 'paramAction' 
2017-07-26 10:34:32,677 INFO org.springframework.web.servlet.mvc.annotation.DefaultAnnotationHandlerMapping 
  Mapped URL path [/paramAction/paramEdit.do] onto handler 'paramAction' 
2017-07-26 10:34:32,677 INFO org.springframework.web.servlet.mvc.annotation.DefaultAnnotationHandlerMapping 
  Mapped URL path [/paramAction/paramDelete.do] onto handler 'paramAction' 
2017-07-26 10:34:32,677 INFO org.springframework.web.servlet.mvc.annotation.DefaultAnnotationHandlerMapping 
  Mapped URL path [/paramAction/paramStatus.do] onto handler 'paramAction' 
2017-07-26 10:34:32,677 INFO org.springframework.web.servlet.mvc.annotation.DefaultAnnotationHandlerMapping 
  Mapped URL path [/paramAction/paramDeleteBatch.do] onto handler 'paramAction' 
2017-07-26 10:34:32,677 INFO org.springframework.web.servlet.mvc.annotation.DefaultAnnotationHandlerMapping 
  Mapped URL path [/paramAction/findParamByCode.do] onto handler 'paramAction' 
2017-07-26 10:34:32,677 INFO org.springframework.web.servlet.mvc.annotation.DefaultAnnotationHandlerMapping 
  Mapped URL path [/paramAction/findCompanyByCode.do] onto handler 'paramAction' 
2017-07-26 10:34:32,677 INFO org.springframework.web.servlet.mvc.annotation.DefaultAnnotationHandlerMapping 
  Mapped URL path [/paramAction/findCapitalByCode.do] onto handler 'paramAction' 
2017-07-26 10:34:32,677 INFO org.springframework.web.servlet.mvc.annotation.DefaultAnnotationHandlerMapping 
  Mapped URL path [/productAction/loadsign.do] onto handler 'productAction' 
2017-07-26 10:34:32,677 INFO org.springframework.web.servlet.mvc.annotation.DefaultAnnotationHandlerMapping 
  Mapped URL path [/productAction/productList.do] onto handler 'productAction' 
2017-07-26 10:34:32,677 INFO org.springframework.web.servlet.mvc.annotation.DefaultAnnotationHandlerMapping 
  Mapped URL path [/productAction/addProduct.do] onto handler 'productAction' 
2017-07-26 10:34:32,677 INFO org.springframework.web.servlet.mvc.annotation.DefaultAnnotationHandlerMapping 
  Mapped URL path [/productAction/loadProductInfo.do] onto handler 'productAction' 
2017-07-26 10:34:32,677 INFO org.springframework.web.servlet.mvc.annotation.DefaultAnnotationHandlerMapping 
  Mapped URL path [/productAction/editProduct.do] onto handler 'productAction' 
2017-07-26 10:34:32,677 INFO org.springframework.web.servlet.mvc.annotation.DefaultAnnotationHandlerMapping 
  Mapped URL path [/productAction/detailProduct.do] onto handler 'productAction' 
2017-07-26 10:34:32,677 INFO org.springframework.web.servlet.mvc.annotation.DefaultAnnotationHandlerMapping 
  Mapped URL path [/productAction/productStatus.do] onto handler 'productAction' 
2017-07-26 10:34:32,677 INFO org.springframework.web.servlet.mvc.annotation.DefaultAnnotationHandlerMapping 
  Mapped URL path [/productAction/isexist.do] onto handler 'productAction' 
2017-07-26 10:34:32,677 INFO org.springframework.web.servlet.mvc.annotation.DefaultAnnotationHandlerMapping 
  Mapped URL path [/productAction/productCheck.do] onto handler 'productAction' 
2017-07-26 10:34:32,677 INFO org.springframework.web.servlet.mvc.annotation.DefaultAnnotationHandlerMapping 
  Mapped URL path [/productAction/loadproducttype.do] onto handler 'productAction' 
2017-07-26 10:34:32,677 INFO org.springframework.web.servlet.mvc.annotation.DefaultAnnotationHandlerMapping 
  Mapped URL path [/productAction/loadcompany.do] onto handler 'productAction' 
2017-07-26 10:34:32,677 INFO org.springframework.web.servlet.mvc.annotation.DefaultAnnotationHandlerMapping 
  Mapped URL path [/productCreditManageAction/productCreditList.do] onto handler 'productCreditManageAction' 
2017-07-26 10:34:32,677 INFO org.springframework.web.servlet.mvc.annotation.DefaultAnnotationHandlerMapping 
  Mapped URL path [/productCreditManageAction/agencyCreditList.do] onto handler 'productCreditManageAction' 
2017-07-26 10:34:32,677 INFO org.springframework.web.servlet.mvc.annotation.DefaultAnnotationHandlerMapping 
  Mapped URL path [/productCreditManageAction/findAgencyCreditSelect.do] onto handler 'productCreditManageAction' 
2017-07-26 10:34:32,677 INFO org.springframework.web.servlet.mvc.annotation.DefaultAnnotationHandlerMapping 
  Mapped URL path [/productCreditManageAction/addAgencyCredit.do] onto handler 'productCreditManageAction' 
2017-07-26 10:34:32,677 INFO org.springframework.web.servlet.mvc.annotation.DefaultAnnotationHandlerMapping 
  Mapped URL path [/productCreditManageAction/agencyCreditEditView.do] onto handler 'productCreditManageAction' 
2017-07-26 10:34:32,678 INFO org.springframework.web.servlet.mvc.annotation.DefaultAnnotationHandlerMapping 
  Mapped URL path [/productCreditManageAction/updateAgencyCredit.do] onto handler 'productCreditManageAction' 
2017-07-26 10:34:32,678 INFO org.springframework.web.servlet.mvc.annotation.DefaultAnnotationHandlerMapping 
  Mapped URL path [/productCreditManageAction/findpactdefSelect.do] onto handler 'productCreditManageAction' 
2017-07-26 10:34:32,678 INFO org.springframework.web.servlet.mvc.annotation.DefaultAnnotationHandlerMapping 
  Mapped URL path [/productCreditManageAction/finddbpersionSelect.do] onto handler 'productCreditManageAction' 
2017-07-26 10:34:32,678 INFO org.springframework.web.servlet.mvc.annotation.DefaultAnnotationHandlerMapping 
  Mapped URL path [/productCreditManageAction/addlccbAgencyCredit.do] onto handler 'productCreditManageAction' 
2017-07-26 10:34:32,678 INFO org.springframework.web.servlet.mvc.annotation.DefaultAnnotationHandlerMapping 
  Mapped URL path [/productCreditManageAction/getCreditAppliId.do] onto handler 'productCreditManageAction' 
2017-07-26 10:34:32,678 INFO org.springframework.web.servlet.mvc.annotation.DefaultAnnotationHandlerMapping 
  Mapped URL path [/productCreditManageAction/fileUpload.do] onto handler 'productCreditManageAction' 
2017-07-26 10:34:32,678 INFO org.springframework.web.servlet.mvc.annotation.DefaultAnnotationHandlerMapping 
  Mapped URL path [/productCreditManageAction/sideAgreementfileUpload.do] onto handler 'productCreditManageAction' 
2017-07-26 10:34:32,678 INFO org.springframework.web.servlet.mvc.annotation.DefaultAnnotationHandlerMapping 
  Mapped URL path [/productCreditManageAction/updatefileUpload.do] onto handler 'productCreditManageAction' 
2017-07-26 10:34:32,678 INFO org.springframework.web.servlet.mvc.annotation.DefaultAnnotationHandlerMapping 
  Mapped URL path [/productCreditManageAction/deleteFile.do] onto handler 'productCreditManageAction' 
2017-07-26 10:34:32,678 INFO org.springframework.web.servlet.mvc.annotation.DefaultAnnotationHandlerMapping 
  Mapped URL path [/productCreditManageAction/CheckCredit.do] onto handler 'productCreditManageAction' 
2017-07-26 10:34:32,678 INFO org.springframework.web.servlet.mvc.annotation.DefaultAnnotationHandlerMapping 
  Mapped URL path [/productCreditManageAction/downpactList.do] onto handler 'productCreditManageAction' 
2017-07-26 10:34:32,678 INFO org.springframework.web.servlet.mvc.annotation.DefaultAnnotationHandlerMapping 
  Mapped URL path [/productCreditManageAction/searchaccount.do] onto handler 'productCreditManageAction' 
2017-07-26 10:34:32,678 INFO org.springframework.web.servlet.mvc.annotation.DefaultAnnotationHandlerMapping 
  Mapped URL path [/productCreditManageAction/detailProductCredit.do] onto handler 'productCreditManageAction' 
2017-07-26 10:34:32,678 INFO org.springframework.web.servlet.mvc.annotation.DefaultAnnotationHandlerMapping 
  Mapped URL path [/productCreditManageAction/detailProductCredit2.do] onto handler 'productCreditManageAction' 
2017-07-26 10:34:32,678 INFO org.springframework.web.servlet.mvc.annotation.DefaultAnnotationHandlerMapping 
  Mapped URL path [/productCreditManageAction/editlccbAgencyCredit.do] onto handler 'productCreditManageAction' 
2017-07-26 10:34:32,678 INFO org.springframework.web.servlet.mvc.annotation.DefaultAnnotationHandlerMapping 
  Mapped URL path [/productCreditManageAction/downfile.do] onto handler 'productCreditManageAction' 
2017-07-26 10:34:32,678 INFO org.springframework.web.servlet.mvc.annotation.DefaultAnnotationHandlerMapping 
  Mapped URL path [/productCreditManageAction/findAgencySelect.do] onto handler 'productCreditManageAction' 
2017-07-26 10:34:32,678 INFO org.springframework.web.servlet.mvc.annotation.DefaultAnnotationHandlerMapping 
  Mapped URL path [/refundFeeAction/queryServiceList.do] onto handler 'refundFeeAction' 
2017-07-26 10:34:32,678 INFO org.springframework.web.servlet.mvc.annotation.DefaultAnnotationHandlerMapping 
  Mapped URL path [/refundFeeAction/payStatus.do] onto handler 'refundFeeAction' 
2017-07-26 10:34:32,678 INFO org.springframework.web.servlet.mvc.annotation.DefaultAnnotationHandlerMapping 
  Mapped URL path [/refundFeeAction/refundStatus.do] onto handler 'refundFeeAction' 
2017-07-26 10:34:32,678 INFO org.springframework.web.servlet.mvc.annotation.DefaultAnnotationHandlerMapping 
  Mapped URL path [/repaymentInformaAction/repaymentInformaList.do] onto handler 'repaymentInformaAction' 
2017-07-26 10:34:32,678 INFO org.springframework.web.servlet.mvc.annotation.DefaultAnnotationHandlerMapping 
  Mapped URL path [/repaymentInformaAction/repaymentInforList.do] onto handler 'repaymentInformaAction' 
2017-07-26 10:34:32,678 INFO org.springframework.web.servlet.mvc.annotation.DefaultAnnotationHandlerMapping 
  Mapped URL path [/repaymentInformaAction/queryRepayment.do] onto handler 'repaymentInformaAction' 
2017-07-26 10:34:32,678 INFO org.springframework.web.servlet.mvc.annotation.DefaultAnnotationHandlerMapping 
  Mapped URL path [/repaymentInformaAction/findBank.do] onto handler 'repaymentInformaAction' 
2017-07-26 10:34:32,681 INFO org.springframework.web.servlet.mvc.annotation.DefaultAnnotationHandlerMapping 
  Mapped URL path [/repaymentManageAction/replaymentList.do] onto handler 'repaymentManageAction' 
2017-07-26 10:34:32,681 INFO org.springframework.web.servlet.mvc.annotation.DefaultAnnotationHandlerMapping 
  Mapped URL path [/repaymentManageAction/addReplayment.do] onto handler 'repaymentManageAction' 
2017-07-26 10:34:32,681 INFO org.springframework.web.servlet.mvc.annotation.DefaultAnnotationHandlerMapping 
  Mapped URL path [/repaymentManageAction/replaymentExistList.do] onto handler 'repaymentManageAction' 
2017-07-26 10:34:32,682 INFO org.springframework.web.servlet.mvc.annotation.DefaultAnnotationHandlerMapping 
  Mapped URL path [/repaymentManageAction/updateReplaymentInfo.do] onto handler 'repaymentManageAction' 
2017-07-26 10:34:32,682 INFO org.springframework.web.servlet.mvc.annotation.DefaultAnnotationHandlerMapping 
  Mapped URL path [/repaymentManageAction/queryListReplaymentDelitai.do] onto handler 'repaymentManageAction' 
2017-07-26 10:34:32,682 INFO org.springframework.web.servlet.mvc.annotation.DefaultAnnotationHandlerMapping 
  Mapped URL path [/repaymentManageAction/repayinfoExistList.do] onto handler 'repaymentManageAction' 
2017-07-26 10:34:32,682 INFO org.springframework.web.servlet.mvc.annotation.DefaultAnnotationHandlerMapping 
  Mapped URL path [/roleAction/roleEdit.do] onto handler 'roleAction' 
2017-07-26 10:34:32,682 INFO org.springframework.web.servlet.mvc.annotation.DefaultAnnotationHandlerMapping 
  Mapped URL path [/roleAction/roleAdd.do] onto handler 'roleAction' 
2017-07-26 10:34:32,682 INFO org.springframework.web.servlet.mvc.annotation.DefaultAnnotationHandlerMapping 
  Mapped URL path [/roleAction/menuList.do] onto handler 'roleAction' 
2017-07-26 10:34:32,682 INFO org.springframework.web.servlet.mvc.annotation.DefaultAnnotationHandlerMapping 
  Mapped URL path [/roleAction/roleList.do] onto handler 'roleAction' 
2017-07-26 10:34:32,682 INFO org.springframework.web.servlet.mvc.annotation.DefaultAnnotationHandlerMapping 
  Mapped URL path [/roleAction/getRoleInfo.do] onto handler 'roleAction' 
2017-07-26 10:34:32,682 INFO org.springframework.web.servlet.mvc.annotation.DefaultAnnotationHandlerMapping 
  Mapped URL path [/roleAction/roleDelete.do] onto handler 'roleAction' 
2017-07-26 10:34:32,682 INFO org.springframework.web.servlet.mvc.annotation.DefaultAnnotationHandlerMapping 
  Mapped URL path [/roleAction/roleStatus.do] onto handler 'roleAction' 
2017-07-26 10:34:32,682 INFO org.springframework.web.servlet.mvc.annotation.DefaultAnnotationHandlerMapping 
  Mapped URL path [/roleAction/findRoleSelect.do] onto handler 'roleAction' 
2017-07-26 10:34:32,682 INFO org.springframework.web.servlet.mvc.annotation.DefaultAnnotationHandlerMapping 
  Mapped URL path [/roleAction/menuDetailList.do] onto handler 'roleAction' 
2017-07-26 10:34:32,682 INFO org.springframework.web.servlet.mvc.annotation.DefaultAnnotationHandlerMapping 
  Mapped URL path [/roleAction/queryRole.do] onto handler 'roleAction' 
2017-07-26 10:34:32,682 INFO org.springframework.web.servlet.mvc.annotation.DefaultAnnotationHandlerMapping 
  Mapped URL path [/roleAction/adminList.do] onto handler 'roleAction' 
2017-07-26 10:34:32,682 INFO org.springframework.web.servlet.mvc.annotation.DefaultAnnotationHandlerMapping 
  Mapped URL path [/roleAction/getMenuList.do] onto handler 'roleAction' 
2017-07-26 10:34:32,682 INFO org.springframework.web.servlet.mvc.annotation.DefaultAnnotationHandlerMapping 
  Mapped URL path [/serviceChargeAction/serviceChargeList.do] onto handler 'serviceChargeAction' 
2017-07-26 10:34:32,682 INFO org.springframework.web.servlet.mvc.annotation.DefaultAnnotationHandlerMapping 
  Mapped URL path [/serviceChargeAction/detailServiceCharge.do] onto handler 'serviceChargeAction' 
2017-07-26 10:34:32,682 INFO org.springframework.web.servlet.mvc.annotation.DefaultAnnotationHandlerMapping 
  Mapped URL path [/serviceChargeAction/paymentServiceCharge.do] onto handler 'serviceChargeAction' 
2017-07-26 10:34:32,682 INFO org.springframework.web.servlet.mvc.annotation.DefaultAnnotationHandlerMapping 
  Mapped URL path [/serviceChargeAction/refundServiceCharge.do] onto handler 'serviceChargeAction' 
2017-07-26 10:34:32,682 INFO org.springframework.web.servlet.mvc.annotation.DefaultAnnotationHandlerMapping 
  Mapped URL path [/serviceInformationAction/serviceInformationList.do] onto handler 'serviceInformationAction' 
2017-07-26 10:34:32,682 INFO org.springframework.web.servlet.mvc.annotation.DefaultAnnotationHandlerMapping 
  Mapped URL path [/serviceInformationAction/queryInforma.do] onto handler 'serviceInformationAction' 
2017-07-26 10:34:32,683 INFO org.springframework.web.servlet.mvc.annotation.DefaultAnnotationHandlerMapping 
  Mapped URL path [/serviceInformationAction/findBank.do] onto handler 'serviceInformationAction' 
2017-07-26 10:34:32,683 INFO org.springframework.web.servlet.mvc.annotation.DefaultAnnotationHandlerMapping 
  Mapped URL path [/signInformationAction/signInformationList.do] onto handler 'signInformationAction' 
2017-07-26 10:34:32,683 INFO org.springframework.web.servlet.mvc.annotation.DefaultAnnotationHandlerMapping 
  Mapped URL path [/signInformationAction/querysign.do] onto handler 'signInformationAction' 
2017-07-26 10:34:32,683 INFO org.springframework.web.servlet.mvc.annotation.DefaultAnnotationHandlerMapping 
  Mapped URL path [/signInformationAction/statusSign.do] onto handler 'signInformationAction' 
2017-07-26 10:34:32,683 INFO org.springframework.web.servlet.mvc.annotation.DefaultAnnotationHandlerMapping 
  Mapped URL path [/signInformationAction/findBank.do] onto handler 'signInformationAction' 
2017-07-26 10:34:32,683 INFO org.springframework.web.servlet.mvc.annotation.DefaultAnnotationHandlerMapping 
  Mapped URL path [/signingAction/querysigning.do] onto handler 'signingAction' 
2017-07-26 10:34:32,683 INFO org.springframework.web.servlet.mvc.annotation.DefaultAnnotationHandlerMapping 
  Mapped URL path [/signingAction/addsigning.do] onto handler 'signingAction' 
2017-07-26 10:34:32,683 INFO org.springframework.web.servlet.mvc.annotation.DefaultAnnotationHandlerMapping 
  Mapped URL path [/signingAction/queryPtInfo.do] onto handler 'signingAction' 
2017-07-26 10:34:32,683 INFO org.springframework.web.servlet.mvc.annotation.DefaultAnnotationHandlerMapping 
  Mapped URL path [/signingAction/findBank.do] onto handler 'signingAction' 
2017-07-26 10:34:32,683 INFO org.springframework.web.servlet.mvc.annotation.DefaultAnnotationHandlerMapping 
  Mapped URL path [/signingAction/selectBanks.do] onto handler 'signingAction' 
2017-07-26 10:34:32,683 INFO org.springframework.web.servlet.mvc.annotation.DefaultAnnotationHandlerMapping 
  Mapped URL path [/signingAction/selectProvinces.do] onto handler 'signingAction' 
2017-07-26 10:34:32,683 INFO org.springframework.web.servlet.mvc.annotation.DefaultAnnotationHandlerMapping 
  Mapped URL path [/signingAction/selectAreas.do] onto handler 'signingAction' 
2017-07-26 10:34:32,683 INFO org.springframework.web.servlet.mvc.annotation.DefaultAnnotationHandlerMapping 
  Mapped URL path [/signingAction/selectSub.do] onto handler 'signingAction' 
2017-07-26 10:34:32,683 INFO org.springframework.web.servlet.mvc.annotation.DefaultAnnotationHandlerMapping 
  Mapped URL path [/signingAction/selectSubs.do] onto handler 'signingAction' 
2017-07-26 10:34:32,683 INFO org.springframework.web.servlet.mvc.annotation.DefaultAnnotationHandlerMapping 
  Mapped URL path [/signingBankAction/signingBankList.do] onto handler 'signingBankAction' 
2017-07-26 10:34:32,683 INFO org.springframework.web.servlet.mvc.annotation.DefaultAnnotationHandlerMapping 
  Mapped URL path [/signingBankAction/statusBank.do] onto handler 'signingBankAction' 
2017-07-26 10:34:32,683 INFO org.springframework.web.servlet.mvc.annotation.DefaultAnnotationHandlerMapping 
  Mapped URL path [/systemAction/login.do] onto handler 'systemAction' 
2017-07-26 10:34:32,683 INFO org.springframework.web.servlet.mvc.annotation.DefaultAnnotationHandlerMapping 
  Mapped URL path [/systemAction/logout.do] onto handler 'systemAction' 
2017-07-26 10:34:32,683 INFO org.springframework.web.servlet.mvc.annotation.DefaultAnnotationHandlerMapping 
  Mapped URL path [/systemAction/getSession.do] onto handler 'systemAction' 
2017-07-26 10:34:32,683 INFO org.springframework.web.servlet.mvc.annotation.DefaultAnnotationHandlerMapping 
  Mapped URL path [/systemAction/productList.do] onto handler 'systemAction' 
2017-07-26 10:34:32,683 INFO org.springframework.web.servlet.mvc.annotation.DefaultAnnotationHandlerMapping 
  Mapped URL path [/systemAction/getImage.do] onto handler 'systemAction' 
2017-07-26 10:34:32,684 INFO org.springframework.web.servlet.mvc.annotation.DefaultAnnotationHandlerMapping 
  Mapped URL path [/systemAction/menu.do] onto handler 'systemAction' 
2017-07-26 10:34:32,684 INFO org.springframework.web.servlet.mvc.annotation.DefaultAnnotationHandlerMapping 
  Mapped URL path [/systemAction/validateSession.do] onto handler 'systemAction' 
2017-07-26 10:34:32,684 INFO org.springframework.web.servlet.mvc.annotation.DefaultAnnotationHandlerMapping 
  Mapped URL path [/systemAction/updatePassword.do] onto handler 'systemAction' 
2017-07-26 10:34:32,684 INFO org.springframework.web.servlet.mvc.annotation.DefaultAnnotationHandlerMapping 
  Mapped URL path [/systemAction/pwdValify.do] onto handler 'systemAction' 
2017-07-26 10:34:32,684 INFO org.springframework.web.servlet.mvc.annotation.DefaultAnnotationHandlerMapping 
  Mapped URL path [/systemAction/rankIndex.do] onto handler 'systemAction' 
2017-07-26 10:34:32,684 INFO org.springframework.web.servlet.mvc.annotation.DefaultAnnotationHandlerMapping 
  Mapped URL path [/systemAction/querymenu.do] onto handler 'systemAction' 
2017-07-26 10:34:32,684 INFO org.springframework.web.servlet.mvc.annotation.DefaultAnnotationHandlerMapping 
  Mapped URL path [/systemAction/queryInfo.do] onto handler 'systemAction' 
2017-07-26 10:34:32,684 INFO org.springframework.web.servlet.mvc.annotation.DefaultAnnotationHandlerMapping 
  Mapped URL path [/systemAction/agencyList.do] onto handler 'systemAction' 
2017-07-26 10:34:32,684 INFO org.springframework.web.servlet.mvc.annotation.DefaultAnnotationHandlerMapping 
  Mapped URL path [/systemAction/zfagencyList.do] onto handler 'systemAction' 
2017-07-26 10:34:32,684 INFO org.springframework.web.servlet.mvc.annotation.DefaultAnnotationHandlerMapping 
  Mapped URL path [/systemAction/companyList.do] onto handler 'systemAction' 
2017-07-26 10:34:32,684 INFO org.springframework.web.servlet.mvc.annotation.DefaultAnnotationHandlerMapping 
  Mapped URL path [/systemAction/companList.do] onto handler 'systemAction' 
2017-07-26 10:34:32,684 INFO org.springframework.web.servlet.mvc.annotation.DefaultAnnotationHandlerMapping 
  Mapped URL path [/systemAction/usernameCheck.do] onto handler 'systemAction' 
2017-07-26 10:34:32,684 INFO org.springframework.web.servlet.mvc.annotation.DefaultAnnotationHandlerMapping 
  Mapped URL path [/systemAction/capitalList.do] onto handler 'systemAction' 
2017-07-26 10:34:32,684 INFO org.springframework.web.servlet.mvc.annotation.DefaultAnnotationHandlerMapping 
  Mapped URL path [/systemAction/financeList.do] onto handler 'systemAction' 
2017-07-26 10:34:32,684 INFO org.springframework.web.servlet.mvc.annotation.DefaultAnnotationHandlerMapping 
  Mapped URL path [/theTrusteeAction/findbank.do] onto handler 'theTrusteeAction' 
2017-07-26 10:34:32,684 INFO org.springframework.web.servlet.mvc.annotation.DefaultAnnotationHandlerMapping 
  Mapped URL path [/theTrusteeAction/fee.do] onto handler 'theTrusteeAction' 
2017-07-26 10:34:32,684 INFO org.springframework.web.servlet.mvc.annotation.DefaultAnnotationHandlerMapping 
  Mapped URL path [/theTrusteeAction/theTrusteeList.do] onto handler 'theTrusteeAction' 
2017-07-26 10:34:32,684 INFO org.springframework.web.servlet.mvc.annotation.DefaultAnnotationHandlerMapping 
  Mapped URL path [/theTrusteeAction/findmember.do] onto handler 'theTrusteeAction' 
2017-07-26 10:34:32,684 INFO org.springframework.web.servlet.mvc.annotation.DefaultAnnotationHandlerMapping 
  Mapped URL path [/theTrusteeAction/checkorder.do] onto handler 'theTrusteeAction' 
2017-07-26 10:34:32,684 INFO org.springframework.web.servlet.mvc.annotation.DefaultAnnotationHandlerMapping 
  Mapped URL path [/theTrusteeAction/addMember.do] onto handler 'theTrusteeAction' 
2017-07-26 10:34:32,684 INFO org.springframework.web.servlet.mvc.annotation.DefaultAnnotationHandlerMapping 
  Mapped URL path [/theTrusteeAction/addBank.do] onto handler 'theTrusteeAction' 
2017-07-26 10:34:32,684 INFO org.springframework.web.servlet.mvc.annotation.DefaultAnnotationHandlerMapping 
  Mapped URL path [/theTrusteeAction/selectBanks.do] onto handler 'theTrusteeAction' 
2017-07-26 10:34:32,684 INFO org.springframework.web.servlet.mvc.annotation.DefaultAnnotationHandlerMapping 
  Mapped URL path [/theTrusteeAction/selectProvinces.do] onto handler 'theTrusteeAction' 
2017-07-26 10:34:32,684 INFO org.springframework.web.servlet.mvc.annotation.DefaultAnnotationHandlerMapping 
  Mapped URL path [/theTrusteeAction/selectAreas.do] onto handler 'theTrusteeAction' 
2017-07-26 10:34:32,684 INFO org.springframework.web.servlet.mvc.annotation.DefaultAnnotationHandlerMapping 
  Mapped URL path [/theTrusteeAction/selectSub.do] onto handler 'theTrusteeAction' 
2017-07-26 10:34:32,684 INFO org.springframework.web.servlet.mvc.annotation.DefaultAnnotationHandlerMapping 
  Mapped URL path [/theTrusteeAction/selectSubs.do] onto handler 'theTrusteeAction' 
2017-07-26 10:34:32,684 INFO org.springframework.web.servlet.mvc.annotation.DefaultAnnotationHandlerMapping 
  Mapped URL path [/theTrusteeAction/selectCompany.do] onto handler 'theTrusteeAction' 
2017-07-26 10:34:32,684 INFO org.springframework.web.servlet.mvc.annotation.DefaultAnnotationHandlerMapping 
  Mapped URL path [/transactionManageAction/chargeQueryList.do] onto handler 'transactionManageAction' 
2017-07-26 10:34:32,684 INFO org.springframework.web.servlet.mvc.annotation.DefaultAnnotationHandlerMapping 
  Mapped URL path [/transactionManageAction/detailChargeInfo.do] onto handler 'transactionManageAction' 
2017-07-26 10:34:32,685 INFO org.springframework.web.servlet.mvc.annotation.DefaultAnnotationHandlerMapping 
  Mapped URL path [/transactionManageAction/toCashQueryList.do] onto handler 'transactionManageAction' 
2017-07-26 10:34:32,685 INFO org.springframework.web.servlet.mvc.annotation.DefaultAnnotationHandlerMapping 
  Mapped URL path [/transactionManageAction/detailToCashInfo.do] onto handler 'transactionManageAction' 
2017-07-26 10:34:32,685 INFO org.springframework.web.servlet.mvc.annotation.DefaultAnnotationHandlerMapping 
  Mapped URL path [/transactionManageAction/detailToLockInfo.do] onto handler 'transactionManageAction' 
2017-07-26 10:34:32,685 INFO org.springframework.web.servlet.mvc.annotation.DefaultAnnotationHandlerMapping 
  Mapped URL path [/transactionManageAction/lockQueryList.do] onto handler 'transactionManageAction' 
2017-07-26 10:34:32,685 INFO org.springframework.web.servlet.mvc.annotation.DefaultAnnotationHandlerMapping 
  Mapped URL path [/transferAction/queryAmount.do] onto handler 'transferAction' 
2017-07-26 10:34:32,685 INFO org.springframework.web.servlet.mvc.annotation.DefaultAnnotationHandlerMapping 
  Mapped URL path [/transferAction/queryBanlance.do] onto handler 'transferAction' 
2017-07-26 10:34:32,685 INFO org.springframework.web.servlet.mvc.annotation.DefaultAnnotationHandlerMapping 
  Mapped URL path [/transferAction/transferAction.do] onto handler 'transferAction' 
2017-07-26 10:34:32,685 INFO org.springframework.web.servlet.mvc.annotation.DefaultAnnotationHandlerMapping 
  Mapped URL path [/transferAction/selectBanks.do] onto handler 'transferAction' 
2017-07-26 10:34:32,685 INFO org.springframework.web.servlet.mvc.annotation.DefaultAnnotationHandlerMapping 
  Mapped URL path [/transferAction/selectProvinces.do] onto handler 'transferAction' 
2017-07-26 10:34:32,685 INFO org.springframework.web.servlet.mvc.annotation.DefaultAnnotationHandlerMapping 
  Mapped URL path [/transferAction/selectAreas.do] onto handler 'transferAction' 
2017-07-26 10:34:32,685 INFO org.springframework.web.servlet.mvc.annotation.DefaultAnnotationHandlerMapping 
  Mapped URL path [/transferAction/selectSub.do] onto handler 'transferAction' 
2017-07-26 10:34:32,685 INFO org.springframework.web.servlet.mvc.annotation.DefaultAnnotationHandlerMapping 
  Mapped URL path [/transferAction/selectSubs.do] onto handler 'transferAction' 
2017-07-26 10:34:32,685 INFO org.springframework.web.servlet.mvc.annotation.DefaultAnnotationHandlerMapping 
  Mapped URL path [/UsbKeyAction/down.do] onto handler 'usbKeyAction' 
2017-07-26 10:34:32,685 INFO org.springframework.web.servlet.mvc.annotation.DefaultAnnotationHandlerMapping 
  Mapped URL path [/UsbKeyAction/usbKeyList.do] onto handler 'usbKeyAction' 
2017-07-26 10:34:32,685 INFO org.springframework.web.servlet.mvc.annotation.DefaultAnnotationHandlerMapping 
  Mapped URL path [/UsbKeyAction/channelBank.do] onto handler 'usbKeyAction' 
2017-07-26 10:34:32,685 INFO org.springframework.web.servlet.mvc.annotation.DefaultAnnotationHandlerMapping 
  Mapped URL path [/UsbKeyAction/addLccbUsbkey.do] onto handler 'usbKeyAction' 
2017-07-26 10:34:32,685 INFO org.springframework.web.servlet.mvc.annotation.DefaultAnnotationHandlerMapping 
  Mapped URL path [/UsbKeyAction/delLccbUsbkey.do] onto handler 'usbKeyAction' 
2017-07-26 10:34:32,685 INFO org.springframework.web.servlet.mvc.annotation.DefaultAnnotationHandlerMapping 
  Mapped URL path [/UsbKeyAction/uploadUsbKeyFile.do] onto handler 'usbKeyAction' 
2017-07-26 10:34:32,685 INFO org.springframework.web.servlet.mvc.annotation.DefaultAnnotationHandlerMapping 
  Mapped URL path [/valOCXAction/valUsbKeyReg.do] onto handler 'valOCXAction' 
2017-07-26 10:34:32,685 INFO org.springframework.web.servlet.mvc.annotation.DefaultAnnotationHandlerMapping 
  Mapped URL path [/valOCXAction/lccbOrgCreditText.do] onto handler 'valOCXAction' 
2017-07-26 10:34:32,685 INFO org.springframework.web.servlet.mvc.annotation.DefaultAnnotationHandlerMapping 
  Mapped URL path [/valOCXAction/lccbOrgSignText.do] onto handler 'valOCXAction' 
2017-07-26 10:34:32,685 INFO org.springframework.web.servlet.mvc.annotation.DefaultAnnotationHandlerMapping 
  Mapped URL path [/accountFinancingAppliction/loadAccountFinancingApplictionInfo.do] onto handler 'accountsFinancingApplicationController' 
2017-07-26 10:34:32,685 INFO org.springframework.web.servlet.mvc.annotation.DefaultAnnotationHandlerMapping 
  Mapped URL path [/accountFinancingAppliction/detailsAccountFinancingAppliction.do] onto handler 'accountsFinancingApplicationController' 
2017-07-26 10:34:32,685 INFO org.springframework.web.servlet.mvc.annotation.DefaultAnnotationHandlerMapping 
  Mapped URL path [/financingApplication/loadFinancingApplicationInfo.do] onto handler 'financingApplicationController' 
2017-07-26 10:34:32,686 INFO org.springframework.web.servlet.mvc.annotation.DefaultAnnotationHandlerMapping 
  Mapped URL path [/financingApplication/detailFinancingApplicationInfo.do] onto handler 'financingApplicationController' 
2017-07-26 10:34:32,686 INFO org.springframework.web.servlet.mvc.annotation.DefaultAnnotationHandlerMapping 
  Mapped URL path [/fitPersionalInfomation/loadFinanceInfo.do] onto handler 'fitPersionalInfomationController' 
2017-07-26 10:34:32,686 INFO org.springframework.web.servlet.mvc.annotation.DefaultAnnotationHandlerMapping 
  Mapped URL path [/fitPersionalInfomation/detailFinanceInfo.do] onto handler 'fitPersionalInfomationController' 
2017-07-26 10:34:32,686 INFO org.springframework.web.servlet.mvc.annotation.DefaultAnnotationHandlerMapping 
  Mapped URL path [/platformController/loadPlatformInfo.do] onto handler 'platformController' 
2017-07-26 10:34:32,686 INFO org.springframework.web.servlet.mvc.annotation.DefaultAnnotationHandlerMapping 
  Mapped URL path [/platformController/addPlatform.do] onto handler 'platformController' 
2017-07-26 10:34:32,686 INFO org.springframework.web.servlet.mvc.annotation.DefaultAnnotationHandlerMapping 
  Mapped URL path [/platformController/loadAllAuth.do] onto handler 'platformController' 
2017-07-26 10:34:32,686 INFO org.springframework.web.servlet.mvc.annotation.DefaultAnnotationHandlerMapping 
  Mapped URL path [/platformController/deletPlatform.do] onto handler 'platformController' 
2017-07-26 10:34:32,686 INFO org.springframework.web.servlet.mvc.annotation.DefaultAnnotationHandlerMapping 
  Mapped URL path [/batchOpenAction/batchOpenList.do] onto handler 'batchOpenAction' 
2017-07-26 10:34:32,686 INFO org.springframework.web.servlet.mvc.annotation.DefaultAnnotationHandlerMapping 
  Mapped URL path [/batchOpenAction/batchOpenDetail.do] onto handler 'batchOpenAction' 
2017-07-26 10:34:32,686 INFO org.springframework.web.servlet.mvc.annotation.DefaultAnnotationHandlerMapping 
  Mapped URL path [/notificationAction/notificationList.do] onto handler 'notificationAction' 
2017-07-26 10:34:32,686 INFO org.springframework.web.servlet.mvc.annotation.DefaultAnnotationHandlerMapping 
  Mapped URL path [/notificationAction/notificationDetail.do] onto handler 'notificationAction' 
2017-07-26 10:34:32,686 INFO org.springframework.web.servlet.mvc.annotation.DefaultAnnotationHandlerMapping 
  Mapped URL path [/purchaseOrderFinancingAction/loadOrderFinanceDetail.do] onto handler 'purchaseOrderFinancingAction' 
2017-07-26 10:34:32,686 INFO org.springframework.web.servlet.mvc.annotation.DefaultAnnotationHandlerMapping 
  Mapped URL path [/purchaseOrderFinancingAction/purchaseOrderFinanceList.do] onto handler 'purchaseOrderFinancingAction' 
2017-07-26 10:34:32,686 INFO org.springframework.web.servlet.mvc.annotation.DefaultAnnotationHandlerMapping 
  Mapped URL path [/purchaseOrderFinancingAction/goodsList.do] onto handler 'purchaseOrderFinancingAction' 
2017-07-26 10:34:32,700 INFO org.springframework.web.servlet.DispatcherServlet 
  FrameworkServlet 'SpringMVC': initialization completed in 467 ms 
